Active Internet connections (w/o servers)
Proto Recv-Q Send-Q Local Address           Foreign Address         State      
tcp        0      0 spiros-HP-Pavilio:43924 ermis.csd.uoc.gr:imaps  ESTABLISHED
tcp        0      0 spiros-HP-Pavilio:49642 ermis.csd.uoc.gr:imaps  ESTABLISHED
tcp        0      0 spiros-HP-Pavilio:42120 239.237.117.34.bc:https ESTABLISHED
tcp        0      0 spiros-HP-Pavilio:37740 ermis.csd.uoc.gr:imaps  ESTABLISHED
tcp        0      0 spiros-HP-Pavilio:56616 cyr-proxy01.ics.f:imaps ESTABLISHED
tcp        0      0 spiros-HP-Pavilio:53192 ermis.csd.uoc.gr:imaps  ESTABLISHED
tcp        0      0 spiros-HP-Pavilio:60118 ec2-3-126-186-102:https ESTABLISHED
tcp        0      0 spiros-HP-Pavilio:50640 cyr-proxy01.ics.f:imaps ESTABLISHED
tcp        0      0 spiros-HP-Pavilio:45390 ec2-52-55-72-199.:https ESTABLISHED
tcp        0      0 spiros-HP-Pavilio:40170 a1370dc23e25e46ce:https ESTABLISHED
tcp        0      0 spiros-HP-Pavilio:37744 ermis.csd.uoc.gr:imaps  ESTABLISHED
tcp        0      0 spiros-HP-Pavilio:46236 55.65.117.34.bc.g:https ESTABLISHED
tcp6       0      0 spiros-HP-Pavilio:33724 amyrose.canonical.:http TIME_WAIT  
tcp6       0      0 spiros-HP-Pavilio:36976 edge-star6-shv-01:https ESTABLISHED
tcp6       0      0 spiros-HP-Pavilio:47918 ei-in-f108.1e100.:imaps ESTABLISHED
tcp6       0      0 spiros-HP-Pavilio:36270 edge-star6-shv-01:https ESTABLISHED
tcp6       0      0 spiros-HP-Pavilio:54102 mil04s43-in-x03.1e:http TIME_WAIT  
tcp6       0      0 spiros-HP-Pavilio:59962 ej-in-f109.1e100.:imaps ESTABLISHED
tcp6       0      0 spiros-HP-Pavilio:45420 whatsapp-cdn6-shv:https ESTABLISHED
tcp6       0      0 spiros-HP-Pavilio:47922 ei-in-f108.1e100.:imaps ESTABLISHED
tcp6       0      0 spiros-HP-Pavilio:41610 mil04s43-in-x04.1:https ESTABLISHED
tcp6       0      0 spiros-HP-Pavilio:37000 edge-star6-shv-01:https ESTABLISHED
tcp6       0      0 spiros-HP-Pavilio:36992 edge-star6-shv-01:https ESTABLISHED
tcp6       0      0 spiros-HP-Pavilio:60454 ei-in-f108.1e100.:imaps ESTABLISHED
tcp6       0      0 spiros-HP-Pavilio:55968 ei-in-f108.1e100.:imaps ESTABLISHED
tcp6       0      0 spiros-HP-Pavilio:59954 ej-in-f109.1e100.:imaps ESTABLISHED
tcp6       0      0 spiros-HP-Pavilio:51020 edge-dgw6-shv-01-:https ESTABLISHED
udp        0      0 spiros-HP-Pavili:bootpc home.ics.forth.g:bootps ESTABLISHED
Active UNIX domain sockets (w/o servers)
Proto RefCnt Flags       Type       State         I-Node   Path
unix  3      [ ]         SEQPACKET  CONNECTED     50589    @4aaa8
unix  2      [ ]         DGRAM                    32598    /run/user/1000/systemd/notify
unix  4      [ ]         DGRAM      CONNECTED     22749    /run/systemd/notify
unix  3      [ ]         SEQPACKET  CONNECTED     54282    @8cbed
unix  3      [ ]         SEQPACKET  CONNECTED     54281    @efbc4
unix  2      [ ]         DGRAM                    16661    /run/systemd/journal/syslog
unix  21     [ ]         DGRAM      CONNECTED     16670    /run/systemd/journal/dev-log
unix  10     [ ]         DGRAM      CONNECTED     16672    /run/systemd/journal/socket
unix  3      [ ]         SEQPACKET  CONNECTED     53276    @ca8db
unix  3      [ ]         SEQPACKET  CONNECTED     50579    @a6e9d
unix  2      [ ]         DGRAM                    30107    /run/wpa_supplicant/wlo1
unix  2      [ ]         DGRAM                    30402    @4865b
unix  3      [ ]         SEQPACKET  CONNECTED     51652    @a6317
unix  3      [ ]         SEQPACKET  CONNECTED     50581    @08e14
unix  3      [ ]         SEQPACKET  CONNECTED     53278    @25b09
unix  2      [ ]         DGRAM                    29673    @var/run/nvidia-xdriver-c2c65f5a@@@@@@@@@@@@@@@@@@@@@@@@@@@@@@@@
unix  3      [ ]         SEQPACKET  CONNECTED     50588    @7917b
unix  3      [ ]         STREAM     CONNECTED     50966    
unix  3      [ ]         STREAM     CONNECTED     51207    /run/systemd/journal/stdout
unix  2      [ ]         DGRAM                    119039   
unix  3      [ ]         STREAM     CONNECTED     110995   
unix  3      [ ]         STREAM     CONNECTED     34402    
unix  3      [ ]         STREAM     CONNECTED     36284    @/tmp/.X11-unix/X1
unix  3      [ ]         STREAM     CONNECTED     33598    /run/systemd/journal/stdout
unix  3      [ ]         STREAM     CONNECTED     38004    /run/systemd/journal/stdout
unix  3      [ ]         STREAM     CONNECTED     20133    
unix  3      [ ]         STREAM     CONNECTED     36075    
unix  3      [ ]         STREAM     CONNECTED     32686    
unix  3      [ ]         SEQPACKET  CONNECTED     124384   
unix  3      [ ]         STREAM     CONNECTED     46509    
unix  3      [ ]         STREAM     CONNECTED     50560    @/tmp/.X11-unix/X1
unix  3      [ ]         STREAM     CONNECTED     33630    
unix  3      [ ]         STREAM     CONNECTED     51852    
unix  3      [ ]         STREAM     CONNECTED     36275    
unix  3      [ ]         STREAM     CONNECTED     34376    /run/user/1000/bus
unix  3      [ ]         STREAM     CONNECTED     33629    
unix  3      [ ]         STREAM     CONNECTED     129580   /run/user/1000/pulse/native
unix  3      [ ]         STREAM     CONNECTED     84542    
unix  3      [ ]         STREAM     CONNECTED     51952    
unix  3      [ ]         STREAM     CONNECTED     50852    @/home/spiros/.cache/ibus/dbus-SeerLa2K
unix  3      [ ]         STREAM     CONNECTED     52251    
unix  3      [ ]         SEQPACKET  CONNECTED     50580    
unix  3      [ ]         STREAM     CONNECTED     33656    @/tmp/.X11-unix/X1
unix  3      [ ]         STREAM     CONNECTED     32688    
unix  2      [ ]         DGRAM      CONNECTED     20208    
unix  3      [ ]         STREAM     CONNECTED     128382   
unix  3      [ ]         STREAM     CONNECTED     119905   /run/user/1000/at-spi/bus_1
unix  3      [ ]         STREAM     CONNECTED     112360   
unix  3      [ ]         STREAM     CONNECTED     45717    @/tmp/.X11-unix/X1
unix  3      [ ]         STREAM     CONNECTED     39101    
unix  3      [ ]         STREAM     CONNECTED     33670    
unix  3      [ ]         STREAM     CONNECTED     37181    /run/systemd/journal/stdout
unix  3      [ ]         STREAM     CONNECTED     129185   
unix  3      [ ]         STREAM     CONNECTED     122305   
unix  3      [ ]         STREAM     CONNECTED     50964    
unix  3      [ ]         STREAM     CONNECTED     38079    
unix  3      [ ]         STREAM     CONNECTED     102275   
unix  3      [ ]         STREAM     CONNECTED     50635    
unix  3      [ ]         STREAM     CONNECTED     46284    
unix  3      [ ]         STREAM     CONNECTED     40882    
unix  3      [ ]         STREAM     CONNECTED     34441    
unix  3      [ ]         STREAM     CONNECTED     36283    /run/dbus/system_bus_socket
unix  3      [ ]         STREAM     CONNECTED     38995    /run/snapd-snap.socket
unix  3      [ ]         STREAM     CONNECTED     43578    
unix  3      [ ]         STREAM     CONNECTED     33614    @/tmp/.ICE-unix/2618
unix  3      [ ]         STREAM     CONNECTED     32661    
unix  3      [ ]         STREAM     CONNECTED     119906   /run/user/1000/bus
unix  3      [ ]         STREAM     CONNECTED     46511    
unix  3      [ ]         STREAM     CONNECTED     45440    
unix  2      [ ]         STREAM     CONNECTED     129521   
unix  3      [ ]         STREAM     CONNECTED     51658    
unix  3      [ ]         STREAM     CONNECTED     39104    /run/dbus/system_bus_socket
unix  3      [ ]         STREAM     CONNECTED     38114    
unix  3      [ ]         STREAM     CONNECTED     25585    @/tmp/.X11-unix/X1
unix  3      [ ]         STREAM     CONNECTED     112400   /run/user/1000/dolphinLXtODp.5.slave-socket
unix  3      [ ]         STREAM     CONNECTED     118877   @/tmp/.ICE-unix/2618
unix  3      [ ]         STREAM     CONNECTED     52252    
unix  3      [ ]         STREAM     CONNECTED     37183    /run/systemd/journal/stdout
unix  3      [ ]         STREAM     CONNECTED     36216    /run/dbus/system_bus_socket
unix  3      [ ]         STREAM     CONNECTED     118878   /run/user/1000/at-spi/bus_1
unix  3      [ ]         STREAM     CONNECTED     115709   /run/user/1000/bus
unix  3      [ ]         STREAM     CONNECTED     94065    
unix  3      [ ]         STREAM     CONNECTED     42961    @/home/spiros/.cache/ibus/dbus-SeerLa2K
unix  3      [ ]         STREAM     CONNECTED     46280    /run/user/1000/bus
unix  3      [ ]         SEQPACKET  CONNECTED     124056   
unix  3      [ ]         STREAM     CONNECTED     116676   @/tmp/.X11-unix/X1
unix  3      [ ]         STREAM     CONNECTED     112371   
unix  3      [ ]         STREAM     CONNECTED     46636    
unix  3      [ ]         STREAM     CONNECTED     39106    
unix  3      [ ]         STREAM     CONNECTED     33532    /run/user/1000/bus
unix  3      [ ]         STREAM     CONNECTED     32693    /run/user/1000/pipewire-0
unix  3      [ ]         STREAM     CONNECTED     118123   
unix  3      [ ]         STREAM     CONNECTED     51741    
unix  3      [ ]         STREAM     CONNECTED     38954    /run/user/1000/at-spi/bus_1
unix  3      [ ]         STREAM     CONNECTED     132859   
unix  3      [ ]         STREAM     CONNECTED     118873   
unix  3      [ ]         STREAM     CONNECTED     46362    
unix  3      [ ]         SEQPACKET  CONNECTED     50576    
unix  3      [ ]         STREAM     CONNECTED     33672    
unix  3      [ ]         STREAM     CONNECTED     39031    /run/user/1000/bus
unix  3      [ ]         STREAM     CONNECTED     39018    /run/user/1000/bus
unix  3      [ ]         STREAM     CONNECTED     36218    
unix  3      [ ]         STREAM     CONNECTED     25595    /run/user/1000/bus
unix  3      [ ]         SEQPACKET  CONNECTED     119208   
unix  3      [ ]         STREAM     CONNECTED     94062    
unix  3      [ ]         STREAM     CONNECTED     35447    /run/user/1000/bus
unix  3      [ ]         STREAM     CONNECTED     32665    
unix  3      [ ]         SEQPACKET  CONNECTED     112548   
unix  3      [ ]         STREAM     CONNECTED     112357   
unix  3      [ ]         STREAM     CONNECTED     94181    
unix  3      [ ]         STREAM     CONNECTED     46619    
unix  3      [ ]         STREAM     CONNECTED     38926    /run/systemd/journal/stdout
unix  3      [ ]         STREAM     CONNECTED     118126   
unix  3      [ ]         STREAM     CONNECTED     113564   
unix  3      [ ]         STREAM     CONNECTED     107972   /run/user/1000/bus
unix  3      [ ]         STREAM     CONNECTED     38089    
unix  3      [ ]         STREAM     CONNECTED     36222    
unix  2      [ ]         DGRAM      CONNECTED     25016    
unix  3      [ ]         STREAM     CONNECTED     97551    
unix  3      [ ]         STREAM     CONNECTED     84546    
unix  3      [ ]         STREAM     CONNECTED     53481    
unix  3      [ ]         STREAM     CONNECTED     50850    /run/systemd/journal/stdout
unix  3      [ ]         STREAM     CONNECTED     46622    @/tmp/.X11-unix/X1
unix  3      [ ]         STREAM     CONNECTED     34347    
unix  3      [ ]         SEQPACKET  CONNECTED     119197   
unix  3      [ ]         STREAM     CONNECTED     117952   @/tmp/.X11-unix/X1
unix  3      [ ]         STREAM     CONNECTED     97538    /run/systemd/journal/stdout
unix  3      [ ]         STREAM     CONNECTED     43595    
unix  3      [ ]         STREAM     CONNECTED     36237    /run/user/1000/bus
unix  2      [ ]         DGRAM      CONNECTED     20112    
unix  3      [ ]         STREAM     CONNECTED     128389   
unix  3      [ ]         STREAM     CONNECTED     46640    
unix  2      [ ]         DGRAM                    33574    
unix  3      [ ]         STREAM     CONNECTED     115698   
unix  3      [ ]         STREAM     CONNECTED     116986   /run/user/1000/bus
unix  3      [ ]         SEQPACKET  CONNECTED     51650    
unix  3      [ ]         STREAM     CONNECTED     40881    /run/systemd/journal/stdout
unix  3      [ ]         STREAM     CONNECTED     36281    
unix  3      [ ]         STREAM     CONNECTED     34366    /run/systemd/journal/stdout
unix  3      [ ]         STREAM     CONNECTED     33626    
unix  3      [ ]         STREAM     CONNECTED     38031    
unix  3      [ ]         STREAM     CONNECTED     119909   /run/user/1000/at-spi/bus_1
unix  3      [ ]         STREAM     CONNECTED     50822    
unix  3      [ ]         STREAM     CONNECTED     46632    @/tmp/.X11-unix/X1
unix  2      [ ]         STREAM     CONNECTED     119187   
unix  3      [ ]         STREAM     CONNECTED     41888    /run/systemd/journal/stdout
unix  3      [ ]         STREAM     CONNECTED     36292    
unix  3      [ ]         STREAM     CONNECTED     36172    
unix  3      [ ]         STREAM     CONNECTED     32657    
unix  3      [ ]         SEQPACKET  CONNECTED     128386   
unix  3      [ ]         STREAM     CONNECTED     117285   
unix  3      [ ]         STREAM     CONNECTED     43967    
unix  3      [ ]         STREAM     CONNECTED     46629    
unix  3      [ ]         STREAM     CONNECTED     119908   
unix  3      [ ]         STREAM     CONNECTED     118869   
unix  3      [ ]         STREAM     CONNECTED     96061    @/home/spiros/.cache/ibus/dbus-SeerLa2K
unix  3      [ ]         STREAM     CONNECTED     52475    /run/user/1000/bus
unix  3      [ ]         STREAM     CONNECTED     50550    /run/user/1000/bus
unix  3      [ ]         STREAM     CONNECTED     38290    
unix  3      [ ]         STREAM     CONNECTED     51959    
unix  3      [ ]         STREAM     CONNECTED     34386    
unix  3      [ ]         STREAM     CONNECTED     37080    /run/user/1000/bus
unix  3      [ ]         STREAM     CONNECTED     119189   
unix  3      [ ]         STREAM     CONNECTED     94083    
unix  3      [ ]         STREAM     CONNECTED     36276    @/home/spiros/.cache/ibus/dbus-SeerLa2K
unix  3      [ ]         DGRAM      CONNECTED     20106    
unix  3      [ ]         STREAM     CONNECTED     94195    
unix  3      [ ]         STREAM     CONNECTED     50925    
unix  3      [ ]         SEQPACKET  CONNECTED     53273    
unix  3      [ ]         STREAM     CONNECTED     29338    /run/containerd/containerd.sock
unix  3      [ ]         STREAM     CONNECTED     50969    
unix  3      [ ]         STREAM     CONNECTED     47352    
unix  3      [ ]         STREAM     CONNECTED     107984   
unix  3      [ ]         STREAM     CONNECTED     84541    
unix  3      [ ]         STREAM     CONNECTED     46813    
unix  3      [ ]         STREAM     CONNECTED     50607    
unix  3      [ ]         STREAM     CONNECTED     40073    @/tmp/.X11-unix/X1
unix  3      [ ]         STREAM     CONNECTED     37209    /run/user/1000/at-spi/bus_1
unix  3      [ ]         STREAM     CONNECTED     34361    /run/systemd/journal/stdout
unix  3      [ ]         STREAM     CONNECTED     29243    
unix  3      [ ]         STREAM     CONNECTED     43592    
unix  3      [ ]         STREAM     CONNECTED     35870    
unix  3      [ ]         DGRAM      CONNECTED     20105    
unix  3      [ ]         STREAM     CONNECTED     128381   
unix  3      [ ]         STREAM     CONNECTED     116988   
unix  3      [ ]         STREAM     CONNECTED     99600    
unix  3      [ ]         STREAM     CONNECTED     46644    
unix  3      [ ]         STREAM     CONNECTED     43954    
unix  3      [ ]         STREAM     CONNECTED     122211   
unix  3      [ ]         STREAM     CONNECTED     53427    @/tmp/.X11-unix/X1
unix  3      [ ]         STREAM     CONNECTED     51826    
unix  3      [ ]         STREAM     CONNECTED     38083    
unix  3      [ ]         STREAM     CONNECTED     132525   
unix  3      [ ]         STREAM     CONNECTED     117980   /run/systemd/journal/stdout
unix  3      [ ]         STREAM     CONNECTED     51982    
unix  3      [ ]         STREAM     CONNECTED     52255    
unix  3      [ ]         STREAM     CONNECTED     34362    /run/systemd/journal/stdout
unix  3      [ ]         STREAM     CONNECTED     38945    /run/user/1000/bus
unix  3      [ ]         SEQPACKET  CONNECTED     119070   
unix  3      [ ]         STREAM     CONNECTED     118916   
unix  3      [ ]         STREAM     CONNECTED     36290    
unix  3      [ ]         SEQPACKET  CONNECTED     124057   
unix  3      [ ]         STREAM     CONNECTED     46624    
unix  3      [ ]         STREAM     CONNECTED     45435    
unix  3      [ ]         STREAM     CONNECTED     39071    
unix  3      [ ]         STREAM     CONNECTED     35165    /run/dbus/system_bus_socket
unix  3      [ ]         STREAM     CONNECTED     33314    /run/systemd/journal/stdout
unix  3      [ ]         STREAM     CONNECTED     118492   
unix  3      [ ]         STREAM     CONNECTED     47356    
unix  3      [ ]         STREAM     CONNECTED     40097    /run/dbus/system_bus_socket
unix  3      [ ]         STREAM     CONNECTED     38209    
unix  3      [ ]         STREAM     CONNECTED     38094    /run/user/1000/bus
unix  3      [ ]         STREAM     CONNECTED     112542   @/tmp/.X11-unix/X1
unix  3      [ ]         STREAM     CONNECTED     84545    
unix  3      [ ]         STREAM     CONNECTED     51986    
unix  3      [ ]         STREAM     CONNECTED     52338    /run/user/1000/bus
unix  3      [ ]         STREAM     CONNECTED     46507    
unix  3      [ ]         STREAM     CONNECTED     52257    
unix  3      [ ]         STREAM     CONNECTED     39019    /run/user/1000/bus
unix  3      [ ]         STREAM     CONNECTED     119188   
unix  3      [ ]         STREAM     CONNECTED     51955    @/tmp/.X11-unix/X1
unix  3      [ ]         STREAM     CONNECTED     43720    
unix  3      [ ]         STREAM     CONNECTED     33673    
unix  3      [ ]         STREAM     CONNECTED     32687    
unix  3      [ ]         STREAM     CONNECTED     28483    /run/dbus/system_bus_socket
unix  3      [ ]         STREAM     CONNECTED     43968    
unix  3      [ ]         STREAM     CONNECTED     39028    
unix  2      [ ]         STREAM     CONNECTED     127647   
unix  3      [ ]         STREAM     CONNECTED     120059   
unix  3      [ ]         STREAM     CONNECTED     118871   
unix  3      [ ]         STREAM     CONNECTED     34400    @/home/spiros/.cache/ibus/dbus-SeerLa2K
unix  3      [ ]         STREAM     CONNECTED     38093    
unix  3      [ ]         STREAM     CONNECTED     36253    
unix  3      [ ]         STREAM     CONNECTED     84547    
unix  3      [ ]         STREAM     CONNECTED     53438    
unix  3      [ ]         STREAM     CONNECTED     51985    
unix  3      [ ]         STREAM     CONNECTED     46676    /run/systemd/journal/stdout
unix  3      [ ]         STREAM     CONNECTED     50649    
unix  3      [ ]         STREAM     CONNECTED     46359    
unix  2      [ ]         STREAM     CONNECTED     119199   
unix  3      [ ]         STREAM     CONNECTED     117984   
unix  3      [ ]         STREAM     CONNECTED     118874   
unix  3      [ ]         STREAM     CONNECTED     96065    /run/user/1000/pulse/native
unix  3      [ ]         STREAM     CONNECTED     117417   
unix  3      [ ]         STREAM     CONNECTED     112369   
unix  3      [ ]         STREAM     CONNECTED     94059    
unix  3      [ ]         STREAM     CONNECTED     29593    /run/user/1000/bus
unix  3      [ ]         STREAM     CONNECTED     36266    
unix  3      [ ]         STREAM     CONNECTED     33567    
unix  3      [ ]         STREAM     CONNECTED     30335    /run/systemd/journal/stdout
unix  3      [ ]         STREAM     CONNECTED     31953    /run/dbus/system_bus_socket
unix  2      [ ]         DGRAM                    24834    
unix  3      [ ]         STREAM     CONNECTED     109786   @/tmp/.X11-unix/X1
unix  3      [ ]         STREAM     CONNECTED     51956    
unix  3      [ ]         STREAM     CONNECTED     39043    /run/user/1000/bus
unix  3      [ ]         STREAM     CONNECTED     34344    
unix  3      [ ]         STREAM     CONNECTED     118122   /run/user/1000/bus
unix  3      [ ]         STREAM     CONNECTED     115697   /run/systemd/journal/stdout
unix  3      [ ]         STREAM     CONNECTED     94082    
unix  3      [ ]         SEQPACKET  CONNECTED     112561   
unix  3      [ ]         STREAM     CONNECTED     112422   /run/user/1000/bus
unix  3      [ ]         STREAM     CONNECTED     116993   
unix  3      [ ]         SEQPACKET  CONNECTED     53274    
unix  3      [ ]         STREAM     CONNECTED     46627    
unix  3      [ ]         STREAM     CONNECTED     39087    
unix  3      [ ]         STREAM     CONNECTED     34221    /run/user/1000/bus
unix  3      [ ]         STREAM     CONNECTED     122306   
unix  3      [ ]         STREAM     CONNECTED     119903   
unix  3      [ ]         STREAM     CONNECTED     53428    @/tmp/.X11-unix/X1
unix  3      [ ]         STREAM     CONNECTED     51739    
unix  3      [ ]         STREAM     CONNECTED     36282    
unix  3      [ ]         STREAM     CONNECTED     33576    
unix  3      [ ]         STREAM     CONNECTED     132858   
unix  3      [ ]         STREAM     CONNECTED     84543    
unix  3      [ ]         STREAM     CONNECTED     53483    
unix  3      [ ]         STREAM     CONNECTED     50549    
unix  3      [ ]         STREAM     CONNECTED     33666    @/tmp/.X11-unix/X1
unix  3      [ ]         STREAM     CONNECTED     20239    
unix  3      [ ]         STREAM     CONNECTED     119062   
unix  3      [ ]         STREAM     CONNECTED     43721    
unix  3      [ ]         STREAM     CONNECTED     32662    
unix  3      [ ]         STREAM     CONNECTED     46620    
unix  3      [ ]         STREAM     CONNECTED     45698    
unix  3      [ ]         STREAM     CONNECTED     47353    
unix  3      [ ]         STREAM     CONNECTED     38241    
unix  3      [ ]         STREAM     CONNECTED     37265    /run/dbus/system_bus_socket
unix  3      [ ]         STREAM     CONNECTED     38091    
unix  3      [ ]         STREAM     CONNECTED     33537    
unix  3      [ ]         STREAM     CONNECTED     53358    
unix  3      [ ]         STREAM     CONNECTED     51957    
unix  3      [ ]         STREAM     CONNECTED     46677    /run/systemd/journal/stdout
unix  3      [ ]         STREAM     CONNECTED     46363    
unix  3      [ ]         STREAM     CONNECTED     50608    
unix  3      [ ]         SEQPACKET  CONNECTED     119209   
unix  3      [ ]         STREAM     CONNECTED     118914   
unix  3      [ ]         STREAM     CONNECTED     38095    @/tmp/.X11-unix/X1
unix  3      [ ]         STREAM     CONNECTED     36051    
unix  3      [ ]         STREAM     CONNECTED     50924    
unix  3      [ ]         STREAM     CONNECTED     33328    /run/dbus/system_bus_socket
unix  3      [ ]         SEQPACKET  CONNECTED     129536   
unix  3      [ ]         STREAM     CONNECTED     129511   
unix  3      [ ]         STREAM     CONNECTED     113566   
unix  3      [ ]         STREAM     CONNECTED     102237   /run/dbus/system_bus_socket
unix  3      [ ]         STREAM     CONNECTED     50967    
unix  3      [ ]         STREAM     CONNECTED     117981   /run/systemd/journal/stdout
unix  3      [ ]         STREAM     CONNECTED     40123    
unix  3      [ ]         STREAM     CONNECTED     35459    /run/systemd/journal/stdout
unix  3      [ ]         STREAM     CONNECTED     39046    /run/user/1000/bus
unix  3      [ ]         STREAM     CONNECTED     34365    
unix  3      [ ]         STREAM     CONNECTED     36235    /run/user/1000/bus
unix  3      [ ]         STREAM     CONNECTED     116987   /run/dbus/system_bus_socket
unix  3      [ ]         STREAM     CONNECTED     96051    @/tmp/.X11-unix/X1
unix  2      [ ]         DGRAM                    34330    
unix  3      [ ]         STREAM     CONNECTED     117284   
unix  3      [ ]         STREAM     CONNECTED     46513    
unix  3      [ ]         STREAM     CONNECTED     45434    
unix  3      [ ]         STREAM     CONNECTED     39103    
unix  3      [ ]         STREAM     CONNECTED     38131    /run/user/1000/at-spi/bus_1
unix  3      [ ]         STREAM     CONNECTED     39052    /run/user/1000/bus
unix  2      [ ]         STREAM     CONNECTED     120744   
unix  3      [ ]         STREAM     CONNECTED     51660    
unix  3      [ ]         STREAM     CONNECTED     38293    /run/user/1000/bus
unix  3      [ ]         STREAM     CONNECTED     988      /run/systemd/journal/stdout
unix  3      [ ]         STREAM     CONNECTED     110994   
unix  3      [ ]         STREAM     CONNECTED     34387    
unix  3      [ ]         STREAM     CONNECTED     36272    /run/user/1000/bus
unix  3      [ ]         STREAM     CONNECTED     33625    /run/systemd/journal/stdout
unix  3      [ ]         STREAM     CONNECTED     25597    /run/user/1000/bus
unix  2      [ ]         STREAM     CONNECTED     119072   
unix  3      [ ]         SEQPACKET  CONNECTED     119067   
unix  3      [ ]         STREAM     CONNECTED     43716    
unix  3      [ ]         STREAM     CONNECTED     117282   
unix  3      [ ]         STREAM     CONNECTED     112374   
unix  3      [ ]         STREAM     CONNECTED     43955    
unix  3      [ ]         STREAM     CONNECTED     46628    
unix  3      [ ]         STREAM     CONNECTED     45437    
unix  3      [ ]         STREAM     CONNECTED     39094    
unix  3      [ ]         STREAM     CONNECTED     36076    /run/dbus/system_bus_socket
unix  3      [ ]         SEQPACKET  CONNECTED     127571   
unix  3      [ ]         STREAM     CONNECTED     28948    /run/dbus/system_bus_socket
unix  3      [ ]         STREAM     CONNECTED     117947   @/tmp/.X11-unix/X1
unix  3      [ ]         STREAM     CONNECTED     53437    
unix  3      [ ]         STREAM     CONNECTED     50851    /run/systemd/journal/stdout
unix  3      [ ]         STREAM     CONNECTED     46635    @/tmp/.X11-unix/X1
unix  3      [ ]         STREAM     CONNECTED     34463    
unix  3      [ ]         STREAM     CONNECTED     34433    @/tmp/.X11-unix/X1
unix  3      [ ]         STREAM     CONNECTED     39039    /run/user/1000/bus
unix  3      [ ]         STREAM     CONNECTED     112363   /run/user/1000/at-spi/bus_1
unix  3      [ ]         STREAM     CONNECTED     43708    
unix  3      [ ]         STREAM     CONNECTED     39040    /run/systemd/journal/stdout
unix  3      [ ]         STREAM     CONNECTED     117418   
unix  3      [ ]         STREAM     CONNECTED     46642    
unix  3      [ ]         STREAM     CONNECTED     34373    /run/user/1000/at-spi/bus_1
unix  3      [ ]         STREAM     CONNECTED     24898    
unix  3      [ ]         STREAM     CONNECTED     36261    
unix  3      [ ]         STREAM     CONNECTED     33563    
unix  3      [ ]         STREAM     CONNECTED     107975   
unix  3      [ ]         STREAM     CONNECTED     53482    
unix  3      [ ]         STREAM     CONNECTED     51951    
unix  3      [ ]         SEQPACKET  CONNECTED     53279    
unix  3      [ ]         STREAM     CONNECTED     46634    @/tmp/.X11-unix/X1
unix  3      [ ]         STREAM     CONNECTED     50651    
unix  3      [ ]         STREAM     CONNECTED     46353    
unix  3      [ ]         STREAM     CONNECTED     45721    @/tmp/.X11-unix/X1
unix  3      [ ]         STREAM     CONNECTED     34337    
unix  3      [ ]         SEQPACKET  CONNECTED     119066   
unix  3      [ ]         STREAM     CONNECTED     94064    
unix  3      [ ]         STREAM     CONNECTED     46209    /run/user/1000/at-spi/bus_1
unix  3      [ ]         STREAM     CONNECTED     38122    /run/user/1000/bus
unix  3      [ ]         STREAM     CONNECTED     36167    
unix  3      [ ]         STREAM     CONNECTED     34882    /run/systemd/journal/stdout
unix  3      [ ]         STREAM     CONNECTED     128379   
unix  2      [ ]         STREAM     CONNECTED     124049   
unix  3      [ ]         STREAM     CONNECTED     117272   @/tmp/.X11-unix/X1
unix  3      [ ]         STREAM     CONNECTED     46631    
unix  3      [ ]         SEQPACKET  CONNECTED     132383   
unix  3      [ ]         STREAM     CONNECTED     118124   
unix  3      [ ]         STREAM     CONNECTED     51827    
unix  3      [ ]         STREAM     CONNECTED     39942    /run/user/1000/pulse/native
unix  3      [ ]         STREAM     CONNECTED     33575    
unix  3      [ ]         DGRAM      CONNECTED     28496    
unix  3      [ ]         STREAM     CONNECTED     30891    /run/systemd/journal/stdout
unix  3      [ ]         DGRAM      CONNECTED     22750    
unix  3      [ ]         STREAM     CONNECTED     114544   @/tmp/.X11-unix/X1
unix  3      [ ]         STREAM     CONNECTED     117951   
unix  3      [ ]         STREAM     CONNECTED     107983   
unix  3      [ ]         STREAM     CONNECTED     50590    
unix  3      [ ]         STREAM     CONNECTED     39949    /run/systemd/journal/stdout
unix  3      [ ]         STREAM     CONNECTED     35362    @/tmp/.X11-unix/X1
unix  3      [ ]         STREAM     CONNECTED     121995   /run/user/1000/pulse/native
unix  3      [ ]         STREAM     CONNECTED     43594    
unix  3      [ ]         STREAM     CONNECTED     38066    /run/dbus/system_bus_socket
unix  3      [ ]         STREAM     CONNECTED     36157    
unix  3      [ ]         STREAM     CONNECTED     129510   
unix  3      [ ]         STREAM     CONNECTED     107355   
unix  3      [ ]         STREAM     CONNECTED     50970    
unix  3      [ ]         STREAM     CONNECTED     51960    /run/user/1000/bus
unix  3      [ ]         STREAM     CONNECTED     38111    
unix  3      [ ]         STREAM     CONNECTED     36280    
unix  3      [ ]         STREAM     CONNECTED     37182    /run/systemd/journal/stdout
unix  3      [ ]         STREAM     CONNECTED     50634    
unix  3      [ ]         STREAM     CONNECTED     46285    
unix  3      [ ]         STREAM     CONNECTED     34348    /run/systemd/journal/stdout
unix  3      [ ]         STREAM     CONNECTED     38139    /run/user/1000/bus
unix  3      [ ]         STREAM     CONNECTED     33668    
unix  3      [ ]         STREAM     CONNECTED     112423   
unix  3      [ ]         SEQPACKET  CONNECTED     109807   
unix  3      [ ]         STREAM     CONNECTED     46630    
unix  3      [ ]         STREAM     CONNECTED     45720    @/tmp/.X11-unix/X1
unix  3      [ ]         STREAM     CONNECTED     29599    /run/systemd/journal/stdout
unix  3      [ ]         STREAM     CONNECTED     119846   
unix  3      [ ]         STREAM     CONNECTED     51657    
unix  3      [ ]         STREAM     CONNECTED     38030    @/tmp/.X11-unix/X1
unix  3      [ ]         STREAM     CONNECTED     51984    
unix  3      [ ]         STREAM     CONNECTED     46354    
unix  3      [ ]         STREAM     CONNECTED     36267    @/tmp/.X11-unix/X1
unix  3      [ ]         STREAM     CONNECTED     35419    /run/systemd/journal/stdout
unix  3      [ ]         STREAM     CONNECTED     36217    /run/dbus/system_bus_socket
unix  3      [ ]         SEQPACKET  CONNECTED     119196   
unix  3      [ ]         STREAM     CONNECTED     119013   
unix  3      [ ]         STREAM     CONNECTED     36050    
unix  2      [ ]         DGRAM      CONNECTED     29078    
unix  3      [ ]         STREAM     CONNECTED     128388   
unix  3      [ ]         STREAM     CONNECTED     46639    
unix  3      [ ]         STREAM     CONNECTED     39016    
unix  3      [ ]         STREAM     CONNECTED     36039    /run/systemd/journal/stdout
unix  2      [ ]         DGRAM                    50926    
unix  3      [ ]         STREAM     CONNECTED     51736    
unix  3      [ ]         SEQPACKET  CONNECTED     51649    
unix  3      [ ]         STREAM     CONNECTED     38092    
unix  3      [ ]         STREAM     CONNECTED     33585    
unix  3      [ ]         SEQPACKET  CONNECTED     132848   
unix  3      [ ]         STREAM     CONNECTED     118121   /run/dbus/system_bus_socket
unix  3      [ ]         STREAM     CONNECTED     50823    
unix  3      [ ]         STREAM     CONNECTED     34487    
unix  3      [ ]         STREAM     CONNECTED     35458    /run/systemd/journal/stdout
unix  3      [ ]         STREAM     CONNECTED     34369    
unix  3      [ ]         STREAM     CONNECTED     29238    
unix  3      [ ]         STREAM     CONNECTED     36082    
unix  3      [ ]         SEQPACKET  CONNECTED     128387   
unix  3      [ ]         STREAM     CONNECTED     45719    @/tmp/.X11-unix/X1
unix  3      [ ]         STREAM     CONNECTED     39189    
unix  3      [ ]         STREAM     CONNECTED     39105    
unix  3      [ ]         STREAM     CONNECTED     36048    /run/user/1000/bus
unix  3      [ ]         STREAM     CONNECTED     38086    
unix  3      [ ]         STREAM     CONNECTED     20478    /run/dbus/system_bus_socket
unix  3      [ ]         STREAM     CONNECTED     24838    /run/systemd/journal/stdout
unix  3      [ ]         STREAM     CONNECTED     84540    
unix  3      [ ]         STREAM     CONNECTED     51912    
unix  3      [ ]         STREAM     CONNECTED     50650    
unix  3      [ ]         STREAM     CONNECTED     34399    
unix  3      [ ]         STREAM     CONNECTED     33597    /run/systemd/journal/stdout
unix  3      [ ]         STREAM     CONNECTED     118918   
unix  3      [ ]         STREAM     CONNECTED     47313    /run/dbus/system_bus_socket
unix  3      [ ]         STREAM     CONNECTED     36184    
unix  2      [ ]         STREAM     CONNECTED     112554   
unix  3      [ ]         STREAM     CONNECTED     112432   @/home/spiros/.cache/ibus/dbus-SeerLa2K
unix  3      [ ]         STREAM     CONNECTED     43970    
unix  3      [ ]         STREAM     CONNECTED     45439    
unix  3      [ ]         STREAM     CONNECTED     39072    
unix  2      [ ]         DGRAM      CONNECTED     33542    
unix  3      [ ]         STREAM     CONNECTED     29555    /run/dbus/system_bus_socket
unix  3      [ ]         STREAM     CONNECTED     50965    
unix  2      [ ]         DGRAM                    39179    
unix  3      [ ]         STREAM     CONNECTED     38197    
unix  3      [ ]         STREAM     CONNECTED     33618    
unix  3      [ ]         STREAM     CONNECTED     38067    
unix  3      [ ]         STREAM     CONNECTED     33568    /run/systemd/journal/stdout
unix  3      [ ]         DGRAM      CONNECTED     22751    
unix  3      [ ]         STREAM     CONNECTED     112361   /run/user/1000/at-spi/bus_1
unix  3      [ ]         STREAM     CONNECTED     92798    
unix  3      [ ]         STREAM     CONNECTED     84544    
unix  3      [ ]         SEQPACKET  CONNECTED     50577    
unix  3      [ ]         STREAM     CONNECTED     40871    
unix  3      [ ]         STREAM     CONNECTED     38137    
unix  3      [ ]         STREAM     CONNECTED     116990   @/tmp/.X11-unix/X1
unix  2      [ ]         DGRAM                    34420    
unix  3      [ ]         STREAM     CONNECTED     32654    
unix  3      [ ]         STREAM     CONNECTED     117281   
unix  3      [ ]         STREAM     CONNECTED     46643    
unix  3      [ ]         STREAM     CONNECTED     129184   
unix  3      [ ]         STREAM     CONNECTED     121903   
unix  3      [ ]         STREAM     CONNECTED     111850   /run/user/1000/pulse/native
unix  3      [ ]         STREAM     CONNECTED     50968    
unix  3      [ ]         STREAM     CONNECTED     33588    
unix  3      [ ]         STREAM     CONNECTED     33386    /run/user/1000/bus
unix  3      [ ]         SEQPACKET  CONNECTED     132847   
unix  3      [ ]         STREAM     CONNECTED     112429   /run/user/1000/bus
unix  3      [ ]         STREAM     CONNECTED     53480    
unix  3      [ ]         STREAM     CONNECTED     51981    
unix  3      [ ]         STREAM     CONNECTED     34374    
unix  3      [ ]         STREAM     CONNECTED     33622    /run/systemd/journal/stdout
unix  3      [ ]         SEQPACKET  CONNECTED     119069   
unix  3      [ ]         STREAM     CONNECTED     119907   /run/user/1000/at-spi/bus_1
unix  3      [ ]         STREAM     CONNECTED     43715    
unix  3      [ ]         STREAM     CONNECTED     36378    /run/user/1000/at-spi/bus_1
unix  3      [ ]         STREAM     CONNECTED     35495    /run/user/1000/bus
unix  3      [ ]         STREAM     CONNECTED     36074    
unix  3      [ ]         STREAM     CONNECTED     32637    
unix  3      [ ]         SEQPACKET  CONNECTED     124383   
unix  3      [ ]         STREAM     CONNECTED     46512    
unix  2      [ ]         DGRAM      CONNECTED     38258    
unix  3      [ ]         STREAM     CONNECTED     135228   
unix  3      [ ]         SEQPACKET  CONNECTED     129537   
unix  3      [ ]         STREAM     CONNECTED     118125   
unix  3      [ ]         STREAM     CONNECTED     96606    /run/user/1000/pulse/native
unix  3      [ ]         STREAM     CONNECTED     52455    /run/dbus/system_bus_socket
unix  3      [ ]         STREAM     CONNECTED     51738    
unix  3      [ ]         STREAM     CONNECTED     35455    /run/dbus/system_bus_socket
unix  3      [ ]         STREAM     CONNECTED     34375    
unix  3      [ ]         STREAM     CONNECTED     35417    /run/systemd/journal/stdout
unix  3      [ ]         STREAM     CONNECTED     39969    /run/systemd/journal/stdout
unix  3      [ ]         STREAM     CONNECTED     20259    
unix  3      [ ]         STREAM     CONNECTED     43709    
unix  3      [ ]         STREAM     CONNECTED     43546    /run/user/1000/bus
unix  3      [ ]         STREAM     CONNECTED     33661    
unix  2      [ ]         DGRAM      CONNECTED     29241    
unix  3      [ ]         SEQPACKET  CONNECTED     112562   
unix  3      [ ]         STREAM     CONNECTED     112536   
unix  3      [ ]         STREAM     CONNECTED     120898   /run/systemd/journal/stdout
unix  3      [ ]         STREAM     CONNECTED     111708   
unix  3      [ ]         STREAM     CONNECTED     46625    
unix  3      [ ]         STREAM     CONNECTED     32692    /run/user/1000/pipewire-0
unix  3      [ ]         STREAM     CONNECTED     52429    /run/systemd/journal/stdout
unix  3      [ ]         STREAM     CONNECTED     51851    
unix  3      [ ]         STREAM     CONNECTED     43722    
unix  3      [ ]         STREAM     CONNECTED     38116    /run/dbus/system_bus_socket
unix  3      [ ]         STREAM     CONNECTED     36271    
unix  3      [ ]         STREAM     CONNECTED     132437   
unix  3      [ ]         STREAM     CONNECTED     117949   @/tmp/.X11-unix/X1
unix  3      [ ]         STREAM     CONNECTED     46506    
unix  3      [ ]         STREAM     CONNECTED     40880    
unix  3      [ ]         STREAM     CONNECTED     35444    /run/systemd/journal/stdout
unix  3      [ ]         STREAM     CONNECTED     43576    
unix  3      [ ]         STREAM     CONNECTED     42767    @/tmp/.X11-unix/X1
unix  2      [ ]         DGRAM                    44244    
unix  3      [ ]         SEQPACKET  CONNECTED     53277    
unix  3      [ ]         STREAM     CONNECTED     46641    
unix  3      [ ]         STREAM     CONNECTED     39097    
unix  3      [ ]         STREAM     CONNECTED     33647    
unix  3      [ ]         SEQPACKET  CONNECTED     132382   
unix  3      [ ]         SEQPACKET  CONNECTED     127572   
unix  3      [ ]         STREAM     CONNECTED     122210   
unix  3      [ ]         STREAM     CONNECTED     119904   
unix  3      [ ]         STREAM     CONNECTED     40883    /run/systemd/journal/stdout
unix  3      [ ]         STREAM     CONNECTED     36359    /run/user/1000/bus
unix  3      [ ]         STREAM     CONNECTED     36258    
unix  3      [ ]         STREAM     CONNECTED     33549    
unix  3      [ ]         STREAM     CONNECTED     110948   
unix  3      [ ]         STREAM     CONNECTED     50652    
unix  3      [ ]         SEQPACKET  CONNECTED     50582    
unix  3      [ ]         STREAM     CONNECTED     37216    /run/user/1000/at-spi/bus_1
unix  3      [ ]         STREAM     CONNECTED     20306    
unix  3      [ ]         STREAM     CONNECTED     39090    /run/user/1000/bus
unix  3      [ ]         STREAM     CONNECTED     32603    
unix  3      [ ]         STREAM     CONNECTED     120938   @/home/spiros/.cache/ibus/dbus-SeerLa2K
unix  3      [ ]         STREAM     CONNECTED     46637    
unix  3      [ ]         STREAM     CONNECTED     38144    @/tmp/.X11-unix/X1
unix  3      [ ]         STREAM     CONNECTED     37069    /run/systemd/journal/stdout
unix  3      [ ]         STREAM     CONNECTED     25072    
unix  3      [ ]         STREAM     CONNECTED     112359   /run/user/1000/at-spi/bus_1
unix  3      [ ]         SEQPACKET  CONNECTED     51653    
unix  3      [ ]         STREAM     CONNECTED     36287    @/home/spiros/.cache/ibus/dbus-SeerLa2K
unix  3      [ ]         STREAM     CONNECTED     38108    
unix  3      [ ]         STREAM     CONNECTED     33624    
unix  3      [ ]         STREAM     CONNECTED     132436   
unix  3      [ ]         STREAM     CONNECTED     51983    
unix  3      [ ]         STREAM     CONNECTED     46623    @/tmp/.X11-unix/X1
unix  3      [ ]         STREAM     CONNECTED     46358    
unix  3      [ ]         STREAM     CONNECTED     39273    /run/systemd/journal/stdout
unix  3      [ ]         STREAM     CONNECTED     119041   
unix  3      [ ]         STREAM     CONNECTED     108901   /run/systemd/journal/stdout
unix  3      [ ]         STREAM     CONNECTED     43591    
unix  3      [ ]         STREAM     CONNECTED     41887    /run/systemd/journal/stdout
unix  3      [ ]         STREAM     CONNECTED     35496    /run/user/1000/bus
unix  3      [ ]         STREAM     CONNECTED     134795   
unix  3      [ ]         STREAM     CONNECTED     117286   
unix  3      [ ]         SEQPACKET  CONNECTED     112547   
unix  3      [ ]         STREAM     CONNECTED     46510    
unix  3      [ ]         STREAM     CONNECTED     29596    /run/systemd/journal/stdout
unix  3      [ ]         STREAM     CONNECTED     120049   
unix  3      [ ]         STREAM     CONNECTED     113514   
unix  3      [ ]         STREAM     CONNECTED     50971    
unix  3      [ ]         STREAM     CONNECTED     38099    @/tmp/.X11-unix/X1
unix  3      [ ]         STREAM     CONNECTED     36262    
unix  3      [ ]         STREAM     CONNECTED     38070    
unix  3      [ ]         STREAM     CONNECTED     33566    
unix  3      [ ]         DGRAM      CONNECTED     28495    
unix  3      [ ]         STREAM     CONNECTED     53329    
unix  3      [ ]         STREAM     CONNECTED     34338    
unix  3      [ ]         STREAM     CONNECTED     20119    
unix  3      [ ]         STREAM     CONNECTED     118917   
unix  3      [ ]         STREAM     CONNECTED     108924   /run/user/1000/pulse/native
unix  3      [ ]         STREAM     CONNECTED     43719    
unix  3      [ ]         STREAM     CONNECTED     39107    /run/user/1000/bus
unix  3      [ ]         SEQPACKET  CONNECTED     109808   
unix  3      [ ]         STREAM     CONNECTED     38941    /run/user/1000/bus
unix  3      [ ]         STREAM     CONNECTED     118491   
unix  3      [ ]         STREAM     CONNECTED     120060   
unix  3      [ ]         STREAM     CONNECTED     51742    
unix  3      [ ]         STREAM     CONNECTED     42847    @/tmp/.X11-unix/X1
unix  3      [ ]         STREAM     CONNECTED     33738    /run/dbus/system_bus_socket
unix  3      [ ]         STREAM     CONNECTED     36254    
unix  3      [ ]         STREAM     CONNECTED     33546    
unix  3      [ ]         STREAM     CONNECTED     132524   
unix  3      [ ]         STREAM     CONNECTED     52254    
unix  3      [ ]         STREAM     CONNECTED     36339    /run/user/1000/at-spi/bus_1
unix  2      [ ]         DGRAM                    36072    
unix  3      [ ]         STREAM     CONNECTED     51954    @/tmp/.X11-unix/X1
unix  3      [ ]         STREAM     CONNECTED     39095    /run/user/1000/at-spi/bus_1
unix  3      [ ]         STREAM     CONNECTED     32643    
unix  2      [ ]         DGRAM      CONNECTED     20173    
unix  3      [ ]         STREAM     CONNECTED     134794   
unix  3      [ ]         STREAM     CONNECTED     128380   
unix  3      [ ]         STREAM     CONNECTED     116985   /run/user/1000/bus
unix  3      [ ]         STREAM     CONNECTED     111826   
unix  3      [ ]         STREAM     CONNECTED     42833    /run/user/1000/at-spi/bus_1
unix  3      [ ]         STREAM     CONNECTED     116642   
unix  3      [ ]         STREAM     CONNECTED     47344    @/tmp/.X11-unix/X1
unix  3      [ ]         STREAM     CONNECTED     45803    
unix  3      [ ]         STREAM     CONNECTED     32569    
unix  3      [ ]         STREAM     CONNECTED     28849    
unix  3      [ ]         STREAM     CONNECTED     31859    /run/dbus/system_bus_socket
unix  2      [ ]         DGRAM      CONNECTED     16750    
unix  2      [ ]         STREAM     CONNECTED     122908   
unix  3      [ ]         STREAM     CONNECTED     102235   @/tmp/.ICE-unix/2618
unix  3      [ ]         STREAM     CONNECTED     33444    /run/user/1000/bus
unix  3      [ ]         STREAM     CONNECTED     33327    /run/dbus/system_bus_socket
unix  3      [ ]         STREAM     CONNECTED     28270    
unix  3      [ ]         STREAM     CONNECTED     46279    /run/user/1000/bus
unix  3      [ ]         STREAM     CONNECTED     36230    /run/user/1000/pipewire-0
unix  3      [ ]         STREAM     CONNECTED     39088    /run/user/1000/bus
unix  3      [ ]         STREAM     CONNECTED     37197    
unix  3      [ ]         STREAM     CONNECTED     33606    /run/user/1000/bus
unix  3      [ ]         STREAM     CONNECTED     32668    /run/user/1000/bus
unix  2      [ ]         STREAM     CONNECTED     130689   
unix  3      [ ]         STREAM     CONNECTED     116640   @/tmp/.X11-unix/X1
unix  3      [ ]         STREAM     CONNECTED     96589    
unix  3      [ ]         STREAM     CONNECTED     52347    
unix  3      [ ]         STREAM     CONNECTED     47218    
unix  3      [ ]         STREAM     CONNECTED     25445    
unix  3      [ ]         STREAM     CONNECTED     42984    
unix  3      [ ]         STREAM     CONNECTED     20584    
unix  3      [ ]         STREAM     CONNECTED     42891    
unix  3      [ ]         STREAM     CONNECTED     42871    
unix  3      [ ]         STREAM     CONNECTED     37220    
unix  3      [ ]         STREAM     CONNECTED     38944    @/tmp/.X11-unix/X1
unix  3      [ ]         STREAM     CONNECTED     33442    
unix  3      [ ]         STREAM     CONNECTED     36058    /run/user/1000/bus
unix  3      [ ]         DGRAM      CONNECTED     924      
unix  3      [ ]         STREAM     CONNECTED     33662    @/tmp/.X11-unix/X1
unix  3      [ ]         STREAM     CONNECTED     37102    
unix  2      [ ]         STREAM     CONNECTED     121391   
unix  3      [ ]         STREAM     CONNECTED     45794    /run/user/1000/at-spi/bus_1
unix  3      [ ]         STREAM     CONNECTED     52348    
unix  3      [ ]         STREAM     CONNECTED     47219    
unix  3      [ ]         STREAM     CONNECTED     29675    
unix  3      [ ]         SEQPACKET  CONNECTED     125250   
unix  2      [ ]         STREAM     CONNECTED     122918   
unix  3      [ ]         STREAM     CONNECTED     35139    /run/systemd/journal/stdout
unix  3      [ ]         STREAM     CONNECTED     1012     
unix  3      [ ]         STREAM     CONNECTED     42848    @/tmp/.X11-unix/X1
unix  3      [ ]         STREAM     CONNECTED     33423    /run/user/1000/bus
unix  3      [ ]         STREAM     CONNECTED     33170    
unix  3      [ ]         STREAM     CONNECTED     51373    
unix  3      [ ]         STREAM     CONNECTED     40895    /run/user/1000/at-spi/bus_1
unix  3      [ ]         STREAM     CONNECTED     39995    /run/dbus/system_bus_socket
unix  3      [ ]         STREAM     CONNECTED     31804    
unix  3      [ ]         STREAM     CONNECTED     89081    
unix  3      [ ]         STREAM     CONNECTED     52473    
unix  3      [ ]         STREAM     CONNECTED     45796    
unix  3      [ ]         STREAM     CONNECTED     47240    
unix  3      [ ]         STREAM     CONNECTED     116992   
unix  3      [ ]         STREAM     CONNECTED     94184    /run/user/1000/at-spi/bus_1
unix  3      [ ]         STREAM     CONNECTED     32635    /run/systemd/journal/stdout
unix  3      [ ]         STREAM     CONNECTED     20126    /run/systemd/journal/stdout
unix  3      [ ]         STREAM     CONNECTED     43597    /run/dbus/system_bus_socket
unix  3      [ ]         STREAM     CONNECTED     47210    
unix  3      [ ]         STREAM     CONNECTED     39939    
unix  3      [ ]         STREAM     CONNECTED     35364    
unix  3      [ ]         STREAM     CONNECTED     36205    /run/dbus/system_bus_socket
unix  3      [ ]         STREAM     CONNECTED     33443    
unix  3      [ ]         STREAM     CONNECTED     31649    
unix  3      [ ]         DGRAM      CONNECTED     923      
unix  3      [ ]         STREAM     CONNECTED     30643    
unix  3      [ ]         STREAM     CONNECTED     126323   
unix  3      [ ]         STREAM     CONNECTED     52493    
unix  3      [ ]         STREAM     CONNECTED     45715    
unix  3      [ ]         STREAM     CONNECTED     29569    
unix  2      [ ]         DGRAM      CONNECTED     31930    
unix  3      [ ]         STREAM     CONNECTED     36183    /run/dbus/system_bus_socket
unix  3      [ ]         STREAM     CONNECTED     20129    /run/systemd/journal/stdout
unix  2      [ ]         DGRAM                    41051    
unix  3      [ ]         STREAM     CONNECTED     37256    
unix  3      [ ]         STREAM     CONNECTED     36229    @/tmp/.X11-unix/X1
unix  3      [ ]         STREAM     CONNECTED     33171    
unix  2      [ ]         DGRAM      CONNECTED     29965    
unix  3      [ ]         DGRAM      CONNECTED     19368    
unix  3      [ ]         STREAM     CONNECTED     51383    
unix  3      [ ]         STREAM     CONNECTED     40015    /run/user/1000/at-spi/bus_1
unix  3      [ ]         STREAM     CONNECTED     39066    /run/systemd/journal/stdout
unix  3      [ ]         STREAM     CONNECTED     37177    
unix  3      [ ]         STREAM     CONNECTED     31882    /run/dbus/system_bus_socket
unix  3      [ ]         STREAM     CONNECTED     117163   /run/user/1000/pulse/native
unix  3      [ ]         STREAM     CONNECTED     116635   
unix  3      [ ]         STREAM     CONNECTED     96480    
unix  3      [ ]         STREAM     CONNECTED     47216    
unix  3      [ ]         STREAM     CONNECTED     29558    
unix  3      [ ]         STREAM     CONNECTED     33978    
unix  3      [ ]         STREAM     CONNECTED     30916    /run/systemd/journal/stdout
unix  3      [ ]         SEQPACKET  CONNECTED     124958   
unix  3      [ ]         STREAM     CONNECTED     46811    
unix  3      [ ]         STREAM     CONNECTED     45827    /run/user/1000/pulse/native
unix  3      [ ]         STREAM     CONNECTED     33389    /run/dbus/system_bus_socket
unix  3      [ ]         STREAM     CONNECTED     32807    
unix  3      [ ]         STREAM     CONNECTED     29954    
unix  3      [ ]         STREAM     CONNECTED     42897    
unix  3      [ ]         STREAM     CONNECTED     51206    /run/systemd/journal/stdout
unix  3      [ ]         STREAM     CONNECTED     20248    /run/dbus/system_bus_socket
unix  3      [ ]         STREAM     CONNECTED     39102    /run/dbus/system_bus_socket
unix  3      [ ]         STREAM     CONNECTED     37204    /run/user/1000/at-spi/bus_1
unix  3      [ ]         STREAM     CONNECTED     37200    @/tmp/.X11-unix/X1
unix  3      [ ]         STREAM     CONNECTED     37131    
unix  3      [ ]         STREAM     CONNECTED     38973    
unix  2      [ ]         STREAM     CONNECTED     119788   
unix  3      [ ]         STREAM     CONNECTED     113521   /run/user/1000/bus
unix  3      [ ]         STREAM     CONNECTED     35501    /run/user/1000/pulse/native
unix  3      [ ]         STREAM     CONNECTED     25371    
unix  3      [ ]         STREAM     CONNECTED     28800    
unix  3      [ ]         STREAM     CONNECTED     30668    /run/acpid.socket
unix  3      [ ]         STREAM     CONNECTED     37213    
unix  3      [ ]         STREAM     CONNECTED     39979    
unix  3      [ ]         STREAM     CONNECTED     30946    
unix  3      [ ]         STREAM     CONNECTED     31861    /run/dbus/system_bus_socket
unix  3      [ ]         DGRAM      CONNECTED     921      
unix  3      [ ]         DGRAM      CONNECTED     19369    
unix  3      [ ]         STREAM     CONNECTED     46828    
unix  3      [ ]         STREAM     CONNECTED     38043    /run/user/1000/bus
unix  3      [ ]         STREAM     CONNECTED     38962    
unix  3      [ ]         STREAM     CONNECTED     36923    
unix  3      [ ]         STREAM     CONNECTED     25441    /run/dbus/system_bus_socket
unix  3      [ ]         STREAM     CONNECTED     121343   
unix  3      [ ]         STREAM     CONNECTED     112373   @/home/spiros/.cache/ibus/dbus-SeerLa2K
unix  3      [ ]         STREAM     CONNECTED     89080    
unix  3      [ ]         STREAM     CONNECTED     52333    
unix  3      [ ]         STREAM     CONNECTED     47217    
unix  3      [ ]         STREAM     CONNECTED     37971    
unix  3      [ ]         STREAM     CONNECTED     25455    
unix  3      [ ]         STREAM     CONNECTED     31857    /run/dbus/system_bus_socket
unix  3      [ ]         STREAM     CONNECTED     114547   
unix  3      [ ]         STREAM     CONNECTED     25448    /run/user/1000/bus
unix  3      [ ]         STREAM     CONNECTED     28320    
unix  3      [ ]         STREAM     CONNECTED     969      
unix  3      [ ]         STREAM     CONNECTED     42889    
unix  3      [ ]         STREAM     CONNECTED     45709    
unix  3      [ ]         STREAM     CONNECTED     36243    /run/dbus/system_bus_socket
unix  3      [ ]         STREAM     CONNECTED     35267    
unix  3      [ ]         STREAM     CONNECTED     32400    /run/dbus/system_bus_socket
unix  3      [ ]         STREAM     CONNECTED     34385    /run/user/1000/bus
unix  3      [ ]         STREAM     CONNECTED     38045    /run/systemd/journal/stdout
unix  3      [ ]         STREAM     CONNECTED     31933    
unix  3      [ ]         STREAM     CONNECTED     121349   
unix  3      [ ]         STREAM     CONNECTED     112421   @/home/spiros/.cache/ibus/dbus-SeerLa2K
unix  3      [ ]         STREAM     CONNECTED     47242    
unix  3      [ ]         STREAM     CONNECTED     34401    @/home/spiros/.cache/ibus/dbus-SeerLa2K
unix  3      [ ]         STREAM     CONNECTED     24866    /run/systemd/journal/stdout
unix  3      [ ]         STREAM     CONNECTED     110945   /run/user/1000/bus
unix  3      [ ]         STREAM     CONNECTED     37068    /run/systemd/journal/stdout
unix  3      [ ]         STREAM     CONNECTED     952      
unix  3      [ ]         STREAM     CONNECTED     52262    
unix  3      [ ]         STREAM     CONNECTED     42831    
unix  3      [ ]         STREAM     CONNECTED     37205    
unix  3      [ ]         STREAM     CONNECTED     25444    /run/systemd/journal/stdout
unix  3      [ ]         STREAM     CONNECTED     35069    
unix  3      [ ]         STREAM     CONNECTED     38964    
unix  3      [ ]         STREAM     CONNECTED     34331    
unix  2      [ ]         DGRAM      CONNECTED     25297    
unix  3      [ ]         STREAM     CONNECTED     121346   
unix  3      [ ]         STREAM     CONNECTED     109792   
unix  3      [ ]         STREAM     CONNECTED     94060    
unix  3      [ ]         STREAM     CONNECTED     52490    
unix  3      [ ]         STREAM     CONNECTED     45835    
unix  3      [ ]         STREAM     CONNECTED     40018    /run/user/1000/bus
unix  3      [ ]         STREAM     CONNECTED     25598    
unix  3      [ ]         STREAM     CONNECTED     31873    /run/dbus/system_bus_socket
unix  3      [ ]         STREAM     CONNECTED     28852    
unix  3      [ ]         STREAM     CONNECTED     19911    /run/systemd/journal/stdout
unix  3      [ ]         STREAM     CONNECTED     114502   
unix  3      [ ]         STREAM     CONNECTED     39976    
unix  3      [ ]         STREAM     CONNECTED     35373    /run/systemd/journal/stdout
unix  3      [ ]         STREAM     CONNECTED     36214    /run/systemd/journal/stdout
unix  3      [ ]         STREAM     CONNECTED     51374    
unix  3      [ ]         STREAM     CONNECTED     34517    @/home/spiros/.cache/ibus/dbus-SeerLa2K
unix  3      [ ]         STREAM     CONNECTED     33729    /run/dbus/system_bus_socket
unix  3      [ ]         STREAM     CONNECTED     25440    /run/systemd/journal/stdout
unix  3      [ ]         STREAM     CONNECTED     19901    /run/systemd/journal/stdout
unix  3      [ ]         STREAM     CONNECTED     96481    
unix  3      [ ]         STREAM     CONNECTED     52486    
unix  2      [ ]         DGRAM      CONNECTED     31932    
unix  3      [ ]         STREAM     CONNECTED     20118    /run/systemd/journal/stdout
unix  3      [ ]         STREAM     CONNECTED     27543    
unix  3      [ ]         SEQPACKET  CONNECTED     122915   
unix  3      [ ]         STREAM     CONNECTED     114497   
unix  3      [ ]         STREAM     CONNECTED     38925    /run/systemd/journal/stdout
unix  3      [ ]         STREAM     CONNECTED     29957    
unix  3      [ ]         STREAM     CONNECTED     42892    
unix  3      [ ]         STREAM     CONNECTED     39985    
unix  3      [ ]         STREAM     CONNECTED     37109    
unix  3      [ ]         STREAM     CONNECTED     36067    /run/user/1000/bus
unix  3      [ ]         STREAM     CONNECTED     30664    
unix  3      [ ]         STREAM     CONNECTED     33315    /run/systemd/journal/stdout
unix  3      [ ]         STREAM     CONNECTED     121345   
unix  3      [ ]         STREAM     CONNECTED     108910   
unix  3      [ ]         STREAM     CONNECTED     34188    
unix  3      [ ]         STREAM     CONNECTED     29584    
unix  3      [ ]         STREAM     CONNECTED     28855    
unix  3      [ ]         STREAM     CONNECTED     107977   @/tmp/.X11-unix/X1
unix  3      [ ]         STREAM     CONNECTED     50728    
unix  3      [ ]         STREAM     CONNECTED     38020    /run/systemd/journal/stdout
unix  3      [ ]         DGRAM      CONNECTED     32599    
unix  3      [ ]         STREAM     CONNECTED     951      
unix  3      [ ]         STREAM     CONNECTED     37247    
unix  3      [ ]         STREAM     CONNECTED     33409    
unix  2      [ ]         DGRAM      CONNECTED     19364    
unix  3      [ ]         STREAM     CONNECTED     51527    
unix  3      [ ]         STREAM     CONNECTED     39044    /run/user/1000/bus
unix  3      [ ]         STREAM     CONNECTED     37170    /run/user/1000/bus
unix  3      [ ]         STREAM     CONNECTED     30660    
unix  3      [ ]         STREAM     CONNECTED     31856    
unix  3      [ ]         STREAM     CONNECTED     109793   
unix  3      [ ]         STREAM     CONNECTED     52474    
unix  3      [ ]         STREAM     CONNECTED     28823    
unix  3      [ ]         STREAM     CONNECTED     28223    /run/systemd/journal/stdout
unix  3      [ ]         STREAM     CONNECTED     131769   
unix  3      [ ]         SEQPACKET  CONNECTED     124957   
unix  3      [ ]         STREAM     CONNECTED     46810    
unix  3      [ ]         STREAM     CONNECTED     50733    
unix  3      [ ]         STREAM     CONNECTED     35140    /run/systemd/journal/stdout
unix  3      [ ]         STREAM     CONNECTED     25369    /run/dbus/system_bus_socket
unix  3      [ ]         STREAM     CONNECTED     45859    @/tmp/.X11-unix/X1
unix  3      [ ]         STREAM     CONNECTED     45708    
unix  3      [ ]         STREAM     CONNECTED     37221    
unix  3      [ ]         STREAM     CONNECTED     28947    /run/dbus/system_bus_socket
unix  2      [ ]         DGRAM      CONNECTED     28232    
unix  3      [ ]         STREAM     CONNECTED     51338    
unix  3      [ ]         STREAM     CONNECTED     38999    /run/systemd/journal/stdout
unix  3      [ ]         STREAM     CONNECTED     37132    
unix  2      [ ]         DGRAM      CONNECTED     34328    
unix  3      [ ]         STREAM     CONNECTED     33374    /run/systemd/journal/stdout
unix  3      [ ]         STREAM     CONNECTED     52388    
unix  3      [ ]         STREAM     CONNECTED     45723    
unix  3      [ ]         STREAM     CONNECTED     35445    /run/systemd/journal/stdout
unix  3      [ ]         STREAM     CONNECTED     25451    
unix  3      [ ]         STREAM     CONNECTED     112362   @/home/spiros/.cache/ibus/dbus-SeerLa2K
unix  3      [ ]         STREAM     CONNECTED     107360   @/home/spiros/.cache/ibus/dbus-SeerLa2K
unix  3      [ ]         STREAM     CONNECTED     42915    
unix  3      [ ]         STREAM     CONNECTED     46310    /run/user/1000/at-spi/bus_1
unix  2      [ ]         DGRAM      CONNECTED     35034    
unix  3      [ ]         STREAM     CONNECTED     25115    /run/dbus/system_bus_socket
unix  2      [ ]         STREAM     CONNECTED     39998    
unix  3      [ ]         STREAM     CONNECTED     37121    /run/user/1000/bus
unix  3      [ ]         STREAM     CONNECTED     33351    
unix  3      [ ]         STREAM     CONNECTED     30965    
unix  2      [ ]         DGRAM      CONNECTED     917      
unix  3      [ ]         STREAM     CONNECTED     51542    
unix  3      [ ]         STREAM     CONNECTED     38186    @/home/spiros/.cache/ibus/dbus-SeerLa2K
unix  3      [ ]         STREAM     CONNECTED     37119    
unix  3      [ ]         STREAM     CONNECTED     45834    
unix  3      [ ]         STREAM     CONNECTED     43990    /run/user/1000/at-spi/bus_1
unix  3      [ ]         STREAM     CONNECTED     47239    
unix  3      [ ]         STREAM     CONNECTED     47215    
unix  3      [ ]         STREAM     CONNECTED     31518    /run/systemd/journal/stdout
unix  3      [ ]         STREAM     CONNECTED     114501   
unix  3      [ ]         STREAM     CONNECTED     46773    
unix  3      [ ]         STREAM     CONNECTED     35164    /run/systemd/journal/stdout
unix  2      [ ]         DGRAM      CONNECTED     30905    
unix  3      [ ]         STREAM     CONNECTED     42896    
unix  3      [ ]         STREAM     CONNECTED     39943    
unix  3      [ ]         STREAM     CONNECTED     35372    /run/systemd/journal/stdout
unix  3      [ ]         DGRAM      CONNECTED     922      
unix  3      [ ]         STREAM     CONNECTED     46812    
unix  3      [ ]         STREAM     CONNECTED     39100    /run/dbus/system_bus_socket
unix  3      [ ]         STREAM     CONNECTED     30385    /run/systemd/journal/stdout
unix  3      [ ]         STREAM     CONNECTED     119382   
unix  3      [ ]         STREAM     CONNECTED     20125    /run/systemd/journal/stdout
unix  3      [ ]         STREAM     CONNECTED     124987   
unix  3      [ ]         STREAM     CONNECTED     33745    
unix  2      [ ]         DGRAM                    35461    
unix  3      [ ]         STREAM     CONNECTED     35163    /run/systemd/journal/stdout
unix  3      [ ]         STREAM     CONNECTED     34922    /run/dbus/system_bus_socket
unix  3      [ ]         STREAM     CONNECTED     20117    /run/systemd/journal/stdout
unix  3      [ ]         STREAM     CONNECTED     37211    
unix  3      [ ]         STREAM     CONNECTED     25449    /run/systemd/journal/stdout
unix  3      [ ]         STREAM     CONNECTED     51541    
unix  3      [ ]         STREAM     CONNECTED     39041    /run/systemd/journal/stdout
unix  3      [ ]         STREAM     CONNECTED     38981    
unix  2      [ ]         DGRAM                    34317    
unix  3      [ ]         STREAM     CONNECTED     34945    /run/systemd/journal/stdout
unix  3      [ ]         STREAM     CONNECTED     28885    /run/systemd/journal/stdout
unix  3      [ ]         STREAM     CONNECTED     31855    
unix  3      [ ]         STREAM     CONNECTED     126343   
unix  3      [ ]         STREAM     CONNECTED     121451   
unix  3      [ ]         STREAM     CONNECTED     45857    @/tmp/.X11-unix/X1
unix  3      [ ]         STREAM     CONNECTED     25456    
unix  3      [ ]         STREAM     CONNECTED     29335    
unix  3      [ ]         STREAM     CONNECTED     20287    /run/dbus/system_bus_socket
unix  3      [ ]         STREAM     CONNECTED     36178    /run/dbus/system_bus_socket
unix  3      [ ]         STREAM     CONNECTED     34083    /run/systemd/journal/stdout
unix  3      [ ]         STREAM     CONNECTED     32802    /run/dbus/system_bus_socket
unix  3      [ ]         STREAM     CONNECTED     52258    
unix  3      [ ]         STREAM     CONNECTED     38997    /run/systemd/journal/stdout
unix  3      [ ]         STREAM     CONNECTED     33387    /run/user/1000/bus
unix  3      [ ]         STREAM     CONNECTED     51526    
unix  3      [ ]         STREAM     CONNECTED     37214    /run/systemd/journal/stdout
unix  3      [ ]         STREAM     CONNECTED     36064    /run/systemd/journal/stdout
unix  3      [ ]         STREAM     CONNECTED     28659    /run/dbus/system_bus_socket
unix  3      [ ]         STREAM     CONNECTED     31943    
unix  3      [ ]         STREAM     CONNECTED     28252    /run/systemd/journal/stdout
unix  2      [ ]         STREAM     CONNECTED     126342   
unix  3      [ ]         STREAM     CONNECTED     121348   
unix  3      [ ]         STREAM     CONNECTED     45837    /run/user/1000/bus
unix  3      [ ]         STREAM     CONNECTED     47354    /run/user/1000/bus
unix  3      [ ]         STREAM     CONNECTED     29564    
unix  3      [ ]         STREAM     CONNECTED     24841    /run/dbus/system_bus_socket
unix  3      [ ]         STREAM     CONNECTED     114495   
unix  3      [ ]         STREAM     CONNECTED     35377    /run/dbus/system_bus_socket
unix  3      [ ]         STREAM     CONNECTED     30645    /run/dbus/system_bus_socket
unix  3      [ ]         STREAM     CONNECTED     35486    
unix  3      [ ]         STREAM     CONNECTED     39048    /run/user/1000/bus
unix  3      [ ]         STREAM     CONNECTED     39982    
unix  3      [ ]         STREAM     CONNECTED     33169    
unix  3      [ ]         STREAM     CONNECTED     51393    
unix  3      [ ]         STREAM     CONNECTED     42824    @/tmp/.X11-unix/X1
unix  3      [ ]         STREAM     CONNECTED     38982    
unix  2      [ ]         DGRAM      CONNECTED     32579    
unix  3      [ ]         STREAM     CONNECTED     121450   
unix  3      [ ]         STREAM     CONNECTED     52489    
unix  3      [ ]         STREAM     CONNECTED     47348    /run/user/1000/bus
unix  3      [ ]         STREAM     CONNECTED     34316    
unix  3      [ ]         STREAM     CONNECTED     25389    
unix  3      [ ]         STREAM     CONNECTED     31015    /run/dbus/system_bus_socket
unix  3      [ ]         STREAM     CONNECTED     2018     /run/systemd/io.system.ManagedOOM
unix  3      [ ]         SEQPACKET  CONNECTED     122906   
unix  3      [ ]         STREAM     CONNECTED     37246    
unix  3      [ ]         STREAM     CONNECTED     40014    
unix  3      [ ]         STREAM     CONNECTED     33437    
unix  3      [ ]         STREAM     CONNECTED     35136    
unix  3      [ ]         STREAM     CONNECTED     20231    /run/systemd/journal/stdout
unix  3      [ ]         STREAM     CONNECTED     51205    
unix  3      [ ]         STREAM     CONNECTED     36886    
unix  2      [ ]         DGRAM      CONNECTED     29582    
unix  3      [ ]         STREAM     CONNECTED     28274    /run/dbus/system_bus_socket
unix  2      [ ]         DGRAM                    28858    
unix  3      [ ]         STREAM     CONNECTED     116637   
unix  3      [ ]         STREAM     CONNECTED     32391    
unix  2      [ ]         STREAM     CONNECTED     29323    
unix  3      [ ]         STREAM     CONNECTED     33969    
unix  3      [ ]         STREAM     CONNECTED     42988    
unix  3      [ ]         STREAM     CONNECTED     33390    /run/user/1000/bus
unix  3      [ ]         STREAM     CONNECTED     991      
unix  3      [ ]         STREAM     CONNECTED     47194    
unix  3      [ ]         STREAM     CONNECTED     39993    
unix  3      [ ]         STREAM     CONNECTED     35436    
unix  3      [ ]         STREAM     CONNECTED     38998    /run/systemd/journal/stdout
unix  3      [ ]         STREAM     CONNECTED     35355    @/tmp/.X11-unix/X1
unix  3      [ ]         STREAM     CONNECTED     33518    
unix  3      [ ]         STREAM     CONNECTED     35871    /run/containerd/containerd.sock
unix  3      [ ]         STREAM     CONNECTED     51342    
unix  3      [ ]         STREAM     CONNECTED     30198    /run/systemd/journal/stdout
unix  2      [ ]         DGRAM      CONNECTED     28731    
unix  3      [ ]         STREAM     CONNECTED     126324   
unix  3      [ ]         STREAM     CONNECTED     112372   /run/user/1000/at-spi/bus_1
unix  3      [ ]         STREAM     CONNECTED     45716    
unix  3      [ ]         STREAM     CONNECTED     25393    
unix  2      [ ]         DGRAM      CONNECTED     30403    
unix  3      [ ]         STREAM     CONNECTED     1010     /run/dbus/system_bus_socket
unix  3      [ ]         STREAM     CONNECTED     28797    
unix  3      [ ]         STREAM     CONNECTED     33735    
unix  3      [ ]         STREAM     CONNECTED     33336    /run/systemd/journal/stdout
unix  3      [ ]         STREAM     CONNECTED     30001    
unix  3      [ ]         STREAM     CONNECTED     47188    
unix  3      [ ]         STREAM     CONNECTED     37178    /run/systemd/journal/stdout
unix  3      [ ]         STREAM     CONNECTED     30966    
unix  2      [ ]         DGRAM      CONNECTED     27930    
unix  3      [ ]         STREAM     CONNECTED     46825    
unix  3      [ ]         STREAM     CONNECTED     36161    /run/user/1000/bus
unix  3      [ ]         STREAM     CONNECTED     25164    @/tmp/dbus-jKId1Ji4
unix  3      [ ]         STREAM     CONNECTED     25155    
unix  3      [ ]         STREAM     CONNECTED     116643   /run/user/1000/bus
unix  3      [ ]         STREAM     CONNECTED     45795    
unix  3      [ ]         STREAM     CONNECTED     33743    @/home/spiros/.cache/ibus/dbus-SeerLa2K
unix  3      [ ]         STREAM     CONNECTED     39000    
unix  3      [ ]         STREAM     CONNECTED     25363    
unix  2      [ ]         STREAM     CONNECTED     32379    
unix  3      [ ]         STREAM     CONNECTED     113513   @/home/spiros/.cache/ibus/dbus-SeerLa2K
unix  3      [ ]         STREAM     CONNECTED     42907    
unix  3      [ ]         STREAM     CONNECTED     32636    /run/systemd/journal/stdout
unix  2      [ ]         DGRAM      CONNECTED     1255     
unix  3      [ ]         STREAM     CONNECTED     35602    
unix  3      [ ]         STREAM     CONNECTED     37224    
unix  3      [ ]         STREAM     CONNECTED     36083    /run/dbus/system_bus_socket
unix  3      [ ]         STREAM     CONNECTED     33434    
unix  3      [ ]         STREAM     CONNECTED     34173    /run/user/1000/bus
unix  3      [ ]         STREAM     CONNECTED     32808    /run/systemd/journal/stdout
unix  3      [ ]         STREAM     CONNECTED     46826    
unix  3      [ ]         STREAM     CONNECTED     37136    /run/user/1000/bus
unix  3      [ ]         STREAM     CONNECTED     116989   /run/systemd/journal/stdout
unix  3      [ ]         STREAM     CONNECTED     96479    
unix  3      [ ]         STREAM     CONNECTED     25521    
unix  3      [ ]         STREAM     CONNECTED     37995    
unix  3      [ ]         STREAM     CONNECTED     120045   /run/user/1000/bus
unix  3      [ ]         STREAM     CONNECTED     42982    
unix  3      [ ]         STREAM     CONNECTED     50729    
unix  3      [ ]         STREAM     CONNECTED     32776    
unix  3      [ ]         STREAM     CONNECTED     968      /run/systemd/journal/stdout
unix  3      [ ]         STREAM     CONNECTED     27905    
unix  3      [ ]         STREAM     CONNECTED     42894    
unix  3      [ ]         STREAM     CONNECTED     34895    
unix  3      [ ]         STREAM     CONNECTED     37212    /run/systemd/journal/stdout
unix  3      [ ]         STREAM     CONNECTED     37198    
unix  3      [ ]         STREAM     CONNECTED     39049    /run/user/1000/bus
unix  3      [ ]         STREAM     CONNECTED     38966    
unix  3      [ ]         STREAM     CONNECTED     29597    /run/user/1000/bus
unix  3      [ ]         STREAM     CONNECTED     31835    
unix  3      [ ]         STREAM     CONNECTED     120937   
unix  3      [ ]         STREAM     CONNECTED     34392    /run/user/1000/at-spi/bus_1
unix  3      [ ]         STREAM     CONNECTED     34308    
unix  3      [ ]         STREAM     CONNECTED     29333    
unix  3      [ ]         STREAM     CONNECTED     28856    
unix  3      [ ]         STREAM     CONNECTED     31858    /run/dbus/system_bus_socket
unix  3      [ ]         STREAM     CONNECTED     114542   
unix  3      [ ]         STREAM     CONNECTED     47476    /run/systemd/journal/stdout
unix  3      [ ]         STREAM     CONNECTED     42914    
unix  3      [ ]         STREAM     CONNECTED     35152    /run/user/1000/bus
unix  3      [ ]         STREAM     CONNECTED     30004    
unix  3      [ ]         STREAM"{\"unit_id\":4279,\"message_type\":\"GameRegister\",\"registration_type\":\"register\"}"|     CONNECTED     42893    
unix  3      [ ]         STREAM     CONNECTED     45701    
unix  3      [ ]         STREAM     CONNECTED     37187    /run/dbus/system_bus_socket
unix  3      [ ]         STREAM     CONNECTED     35420    
unix  3      [ ]         STREAM     CONNECTED     39946    
unix  2      [ ]         STREAM     CONNECTED     34918    @/tmp/dbus-tYt16LbU
unix  3      [ ]         STREAM     CONNECTED     51392    
unix  3      [ ]         STREAM     CONNECTED     38138    /run/user/1000/bus
unix  3      [ ]         STREAM     CONNECTED     38980    
unix  3      [ ]         STREAM     CONNECTED     121350   
unix  3      [ ]         STREAM     CONNECTED     47241    
unix  3      [ ]         STREAM     CONNECTED     1017     /run/dbus/system_bus_socket
unix  3      [ ]         STREAM     CONNECTED     28898    
unix  3      [ ]         STREAM     CONNECTED     33742    
unix  3      [ ]         STREAM     CONNECTED     33433    /run/systemd/journal/stdout
unix  3      [ ]         STREAM     CONNECTED     33678    /run/dbus/system_bus_socket
unix  3      [ ]         STREAM     CONNECTED     39954    
unix  3      [ ]         STREAM     CONNECTED     36228    /run/user/1000/at-spi/bus_1
unix  2      [ ]         DGRAM      CONNECTED     29996    
unix  3      [ ]         STREAM     CONNECTED     51341    
unix  3      [ ]         STREAM     CONNECTED     34391    /run/user/1000/at-spi/bus_1
unix  3      [ ]         STREAM     CONNECTED     34944    /run/systemd/journal/stdout
unix  3      [ ]         STREAM     CONNECTED     31929    
unix  3      [ ]         STREAM     CONNECTED     116674   @/tmp/.X11-unix/X1
unix  3      [ ]         STREAM     CONNECTED     109791   
unix  3      [ ]         STREAM     CONNECTED     94061    
unix  3      [ ]         STREAM     CONNECTED     45802    
unix  3      [ ]         STREAM     CONNECTED     25394    
unix  2      [ ]         DGRAM      CONNECTED     31850    
unix  3      [ ]         SEQPACKET  CONNECTED     125249   
unix  3      [ ]         STREAM     CONNECTED     33747    
unix  3      [ ]         STREAM     CONNECTED     32803    
unix  3      [ ]         STREAM     CONNECTED     30982    /run/dbus/system_bus_socket
unix  3      [ ]         STREAM     CONNECTED     27936    
unix  3      [ ]         STREAM     CONNECTED     52261    
unix  3      [ ]         STREAM     CONNECTED     47192    
unix  3      [ ]         STREAM     CONNECTED     34380    /run/user/1000/bus
unix  3      [ ]         STREAM     CONNECTED     36213    /run/user/1000/bus
unix  3      [ ]         STREAM     CONNECTED     33406    
unix  3      [ ]         STREAM     CONNECTED     1870     
unix  3      [ ]         STREAM     CONNECTED     46827    
unix  3      [ ]         STREAM     CONNECTED     36224    /run/user/1000/at-spi/bus_1
unix  3      [ ]         STREAM     CONNECTED     96588    
unix  3      [ ]         STREAM     CONNECTED     52492    
unix  2      [ ]         STREAM                   34184    
unix  3      [ ]         STREAM     CONNECTED     29568    
unix  3      [ ]         STREAM     CONNECTED     30890    /run/systemd/journal/stdout
unix  3      [ ]         STREAM     CONNECTED     197      /run/systemd/journal/stdout
unix  3      [ ]         STREAM     CONNECTED     124986   
unix  3      [ ]         SEQPACKET  CONNECTED     122916   
unix  3      [ ]         STREAM     CONNECTED     115707   /run/systemd/journal/stdout
unix  3      [ ]         STREAM     CONNECTED     42954    
unix  3      [ ]         STREAM     CONNECTED     1016     
unix  3      [ ]         STREAM     CONNECTED     19910    /run/systemd/journal/stdout
unix  3      [ ]         STREAM     CONNECTED     45971    @/home/spiros/.cache/ibus/dbus-SeerLa2K
unix  3      [ ]         STREAM     CONNECTED     42890    
unix  3      [ ]         STREAM     CONNECTED     45702    
unix  3      [ ]         STREAM     CONNECTED     37225    
unix  3      [ ]         STREAM     CONNECTED     35437    
unix  3      [ ]         STREAM     CONNECTED     36215    /run/systemd/journal/stdout
unix  3      [ ]         STREAM     CONNECTED     25593    /run/user/1000/bus
unix  3      [ ]         STREAM     CONNECTED     37184    /run/systemd/journal/stdout
unix  3      [ ]         STREAM     CONNECTED     31947    
unix  3      [ ]         STREAM     CONNECTED     126344   
unix  3      [ ]         STREAM     CONNECTED     25571    
unix  3      [ ]         STREAM     CONNECTED     29583    
unix  3      [ ]         STREAM     CONNECTED     31874    /run/dbus/system_bus_socket
unix  3      [ ]         STREAM     CONNECTED     28256    /run/systemd/journal/stdout
unix  3      [ ]         STREAM     CONNECTED     30387    /run/systemd/journal/stdout
unix  3      [ ]         STREAM     CONNECTED     1009     
unix  3      [ ]         STREAM     CONNECTED     42832    
unix  3      [ ]         STREAM     CONNECTED     39955    
unix  3      [ ]         STREAM     CONNECTED     31860    /run/dbus/system_bus_socket
unix  3      [ ]         STREAM     CONNECTED     46845    
unix  3      [ ]         STREAM     CONNECTED     38185    /run/user/1000/bus
unix  3      [ ]         STREAM     CONNECTED     39067    /run/systemd/journal/stdout
unix  3      [ ]         STREAM     CONNECTED     37137    
unix  3      [ ]         STREAM     CONNECTED     38986    
unix  3      [ ]         STREAM     CONNECTED     36068    /run/systemd/journal/stdout
unix  3      [ ]         DGRAM      CONNECTED     32600    
unix  3      [ ]         STREAM     CONNECTED     121344   
unix  3      [ ]         STREAM     CONNECTED     96478    
unix  3      [ ]         STREAM     CONNECTED     37203    
unix  3      [ ]         STREAM     CONNECTED     34195    
unix  3      [ ]         STREAM     CONNECTED     25390    
unix  3      [ ]         STREAM     CONNECTED     131768   
unix  3      [ ]         STREAM     CONNECTED     28255    /run/systemd/journal/stdout
unix  3      [ ]         STREAM     CONNECTED     28236    
unix  3      [ ]         STREAM     CONNECTED     953      
unix  3      [ ]         STREAM     CONNECTED     42870    
unix  3      [ ]         STREAM     CONNECTED     33519    
unix  3      [ ]         STREAM     CONNECTED     51339    
unix  3      [ ]         STREAM     CONNECTED     40896    /run/dbus/system_bus_socket
unix  3      [ ]         STREAM     CONNECTED     37186    
unix  3      [ ]         STREAM     CONNECTED     35418    /run/systemd/journal/stdout
unix  3      [ ]         STREAM     CONNECTED     30639    
unix  3      [ ]         STREAM     CONNECTED     31942    
unix  3      [ ]         STREAM     CONNECTED     45722    
unix  3      [ ]         STREAM     CONNECTED     25457    
unix  3      [ ]         STREAM     CONNECTED     28958    
unix  3      [ ]         STREAM     CONNECTED     114496   
unix  3      [ ]         STREAM     CONNECTED     51642    /run/systemd/journal/stdout
unix  3      [ ]         STREAM     CONNECTED     33674    
unix  3      [ ]         STREAM     CONNECTED     45949    /run/user/1000/at-spi/bus_1
unix  3      [ ]         STREAM     CONNECTED     46508    
unix  3      [ ]         STREAM     CONNECTED     37210    
unix  2      [ ]         DGRAM                    32698    
unix  3      [ ]         STREAM     CONNECTED     35096    
unix  3      [ ]         STREAM     CONNECTED     37185    
unix  3      [ ]         STREAM     CONNECTED     29586    /run/user/1000/bus
unix  3      [ ]         STREAM     CONNECTED     30415    
unix  3      [ ]         STREAM     CONNECTED     28253    /run/systemd/journal/stdout
unix  3      [ ]         STREAM     CONNECTED     121347   
unix  3      [ ]         STREAM     CONNECTED     52487    
unix  3      [ ]         STREAM     CONNECTED     25450    
unix  3      [ ]         STREAM     CONNECTED     28836    
unix  3      [ ]         STREAM     CONNECTED     97545    /run/user/1000/bus
unix  3      [ ]         STREAM     CONNECTED     42985    
unix  3      [ ]         STREAM     CONNECTED     50734    
unix  3      [ ]         STREAM     CONNECTED     42908    
unix  3      [ ]         STREAM     CONNECTED     36177    /run/systemd/journal/stdout
unix  3      [ ]         STREAM     CONNECTED     29334    /run/dbus/system_bus_socket
unix  3      [ ]         STREAM     CONNECTED     32806    
unix  3      [ ]         STREAM     CONNECTED     47227    @/tmp/.X11-unix/X1
unix  3      [ ]         STREAM     CONNECTED     39987    
unix  3      [ ]         STREAM     CONNECTED     36212    /run/user/1000/at-spi/bus_1
unix  3      [ ]         STREAM     CONNECTED     33147    
unix  3      [ ]         STREAM     CONNECTED     30973    
unix  3      [ ]         STREAM     CONNECTED     50553    /run/user/1000/bus
unix  3      [ ]         STREAM     CONNECTED     35545    /run/user/1000/bus
unix  3      [ ]         STREAM     CONNECTED     36878    
unix  3      [ ]         STREAM     CONNECTED     31907    
unix  3      [ ]         STREAM     CONNECTED     119383   
unix  3      [ ]         STREAM     CONNECTED     24865    /run/dbus/system_bus_socket
unix  2      [ ]         DGRAM      CONNECTED     31854    
unix  3      [ ]         SEQPACKET  CONNECTED     122905   
unix  3      [ ]         STREAM     CONNECTED     114543   
unix  3      [ ]         STREAM     CONNECTED     47475    /run/systemd/journal/stdout
unix  3      [ ]         STREAM     CONNECTED     33704    
unix  3      [ ]         STREAM     CONNECTED     33447    /run/user/1000/bus
unix  3      [ ]         STREAM     CONNECTED     32392    /run/dbus/system_bus_socket
unix  3      [ ]         STREAM     CONNECTED     28254    /run/systemd/journal/stdout
unix  3      [ ]         STREAM     CONNECTED     973      
unix  3      [ ]         STREAM     CONNECTED     28229    
unix  3      [ ]         STREAM     CONNECTED     39994    
unix  3      [ ]         STREAM     CONNECTED     35376    
unix  3      [ ]         STREAM     CONNECTED     30941    
unix  3      [ ]         STREAM     CONNECTED     46823    
unix  3      [ ]         STREAM     CONNECTED     51235    /run/dbus/system_bus_socket
unix  3      [ ]         STREAM     CONNECTED     37120    
unix  3      [ ]         STREAM     CONNECTED     38965    
unix  3      [ ]         STREAM     CONNECTED     36069    /run/systemd/journal/stdout
